<?xml version="1.0" encoding="UTF-8"?>
<testsuite name="Acceder al Aplicativo Metis" tests="1" skipped="0" failures="0" errors="0" timestamp="2018-12-05T21:04:46" hostname="PCSAL66935" time="11.93">
  <properties/>
  <testcase name="Realizar la Autenticación en Metis." classname="Acceder al Aplicativo Metis" time="11.93"/>
  <system-out><![CDATA[]]></system-out>
  <system-err><![CDATA[dic 05, 2018 4:04:47 PM org.openqa.selenium.remote.DesiredCapabilities chrome
INFORMACIÓN: Using `new ChromeOptions()` is preferred to `DesiredCapabilities.chrome()`
Starting ChromeDriver 2.44.609538 (b655c5a60b0b544917107a59d4153d4bf78e1b90) on port 45007
Only local connections are allowed.
dic 05, 2018 4:04:52 PM org.openqa.selenium.remote.ProtocolHandshake createSession
INFORMACIÓN: Detected dialect: OSS
[Test worker] INFO net.serenitybdd.core.Serenity - 
        __    _____ _____ ____ _____   ____   _    ____  ____  _____ ____  
  _     \ \  |_   _| ____/ ___|_   _| |  _ \ / \  / ___|/ ___|| ____|  _ \ 
 (_)_____| |   | | |  _| \___ \ | |   | |_) / _ \ \___ \\___ \|  _| | | | |
  _|_____| |   | | | |___ ___) || |   |  __/ ___ \ ___) |___) | |___| |_| |
 (_)     | |   |_| |_____|____/ |_|   |_| /_/   \_\____/|____/|_____|____/ 
        /_/                                                                

TEST PASSED: Realizar la Autenticación en Metis.
----------------------------------------------------------------------------
]]></system-err>
</testsuite>
